# JRE version: OpenJDK Runtime Environment (8.0_162-b12) (build 1.8.0_162-8u162-b12-0ubuntu0.17.10.2-b12)
# Java VM: OpenJDK 64-Bit Server VM (25.162-b12 mixed mode linux-amd64 compressed oops)
Heap:
 PSYoungGen      total 36864K, used 6733K [0x00000000d6b80000, 0x00000000daf00000, 0x0000000100000000)
  eden space 31744K, 5% used [0x00000000d6b80000,0x00000000d6d1b5a8,0x00000000d8a80000)
  from space 5120K, 99% used [0x00000000d8a80000,0x00000000d8f78050,0x00000000d8f80000)
  to   space 5120K, 0% used [0x00000000daa00000,0x00000000daa00000,0x00000000daf00000)
 ParOldGen       total 84992K, used 8878K [0x0000000084200000, 0x0000000089500000, 0x00000000d6b80000)
  object space 84992K, 10% used [0x0000000084200000,0x0000000084aab8a8,0x0000000089500000)
 Metaspace       used 16733K, capacity 17814K, committed 17920K, reserved 1064960K
  class space    used 2465K, capacity 2723K, committed 2816K, reserved 1048576K
GC Heap History (6 events):
Event: 0,714 GC heap before
{Heap before GC invocations=1 (full 0):
 PSYoungGen      total 36864K, used 31744K [0x00000000d6b80000, 0x00000000d9480000, 0x0000000100000000)
  eden space 31744K, 100% used [0x00000000d6b80000,0x00000000d8a80000,0x00000000d8a80000)
  from space 5120K, 0% used [0x00000000d8f80000,0x00000000d8f80000,0x00000000d9480000)
  to   space 5120K, 0% used [0x00000000d8a80000,0x00000000d8a80000,0x00000000d8f80000)
 ParOldGen       total 84992K, used 0K [0x0000000084200000, 0x0000000089500000, 0x00000000d6b80000)
  object space 84992K, 0% used [0x0000000084200000,0x0000000084200000,0x0000000089500000)
 Metaspace       used 10789K, capacity 11186K, committed 11392K, reserved 1058816K
  class space    used 1485K, capacity 1594K, committed 1664K, reserved 1048576K
Event: 0,722 GC heap after
Heap after GC invocations=1 (full 0):
 PSYoungGen      total 36864K, used 5111K [0x00000000d6b80000, 0x00000000db380000, 0x0000000100000000)
  eden space 31744K, 0% used [0x00000000d6b80000,0x00000000d6b80000,0x00000000d8a80000)
  from space 5120K, 99% used [0x00000000d8a80000,0x00000000d8f7dea0,0x00000000d8f80000)
  to   space 5120K, 0% used [0x00000000dae80000,0x00000000dae80000,0x00000000db380000)
 ParOldGen       total 84992K, used 2028K [0x0000000084200000, 0x0000000089500000, 0x00000000d6b80000)
  object space 84992K, 2% used [0x0000000084200000,0x00000000843fb1a0,0x0000000089500000)
 Metaspace       used 10789K, capacity 11186K, committed 11392K, reserved 1058816K
  class space    used 1485K, capacity 1594K, committed 1664K, reserved 1048576K
}
Event: 2,200 GC heap before
{Heap before GC invocations=2 (full 0):
 PSYoungGen      total 36864K, used 36855K [0x00000000d6b80000, 0x00000000db380000, 0x0000000100000000)
  eden space 31744K, 100% used [0x00000000d6b80000,0x00000000d8a80000,0x00000000d8a80000)
  from space 5120K, 99% used [0x00000000d8a80000,0x00000000d8f7dea0,0x00000000d8f80000)
  to   space 5120K, 0% used [0x00000000dae80000,0x00000000dae80000,0x00000000db380000)
 ParOldGen       total 84992K, used 2028K [0x0000000084200000, 0x0000000089500000, 0x00000000d6b80000)
  object space 84992K, 2% used [0x0000000084200000,0x00000000843fb1a0,0x0000000089500000)
 Metaspace       used 15400K, capacity 16436K, committed 16640K, reserved 1062912K
  class space    used 2286K, capacity 2489K, committed 2560K, reserved 1048576K
Event: 2,206 GC heap after
Heap after GC invocations=2 (full 0):
 PSYoungGen      total 36864K, used 5090K [0x00000000d6b80000, 0x00000000db380000, 0x0000000100000000)
  eden space 31744K, 0% used [0x00000000d6b80000,0x00000000d6b80000,0x00000000d8a80000)
  from space 5120K, 99% used [0x00000000dae80000,0x00000000db378ac0,0x00000000db380000)
  to   space 5120K, 0% used [0x00000000d8a80000,0x00000000d8a80000,0x00000000d8f80000)
 ParOldGen       total 84992K, used 5112K [0x0000000084200000, 0x0000000089500000, 0x00000000d6b80000)
  object space 84992K, 6% used [0x0000000084200000,0x00000000846fe0c8,0x0000000089500000)
 Metaspace       used 15400K, capacity 16436K, committed 16640K, reserved 1062912K
  class space    used 2286K, capacity 2489K, committed 2560K, reserved 1048576K
}
Event: 6,022 GC heap before
{Heap before GC invocations=3 (full 0):
 PSYoungGen      total 36864K, used 36834K [0x00000000d6b80000, 0x00000000db380000, 0x0000000100000000)
  eden space 31744K, 100% used [0x00000000d6b80000,0x00000000d8a80000,0x00000000d8a80000)
  from space 5120K, 99% used [0x00000000dae80000,0x00000000db378ac0,0x00000000db380000)
  to   space 5120K, 0% used [0x00000000d8a80000,0x00000000d8a80000,0x00000000d8f80000)
 ParOldGen       total 84992K, used 5112K [0x0000000084200000, 0x0000000089500000, 0x00000000d6b80000)
  object space 84992K, 6% used [0x0000000084200000,0x00000000846fe0c8,0x0000000089500000)
 Metaspace       used 16731K, capacity 17814K, committed 17920K, reserved 1064960K
  class space    used 2465K, capacity 2723K, committed 2816K, reserved 1048576K
Event: 6,029 GC heap after
Heap after GC invocations=3 (full 0):
 PSYoungGen      total 36864K, used 5088K [0x00000000d6b80000, 0x00000000daf00000, 0x0000000100000000)
  eden space 31744K, 0% used [0x00000000d6b80000,0x00000000d6b80000,0x00000000d8a80000)
  from space 5120K, 99% used [0x00000000d8a80000,0x00000000d8f78050,0x00000000d8f80000)
  to   space 5120K, 0% used [0x00000000daa00000,0x00000000daa00000,0x00000000daf00000)
 ParOldGen       total 84992K, used 8878K [0x0000000084200000, 0x0000000089500000, 0x00000000d6b80000)
  object space 84992K, 10% used [0x0000000084200000,0x0000000084aab8a8,0x0000000089500000)
 Metaspace       used 16731K, capacity 17814K, committed 17920K, reserved 1064960K
  class space    used 2465K, capacity 2723K, committed 2816K, reserved 1048576K
}

